CRITICAL - 2023-05-30 07:53:48 --> Undefined variable $header
in APPPATH/Views/table_lab.php on line 15.
 1 APPPATH/Views/table_lab.php(15): CodeIgniter\Debug\Exceptions->errorHandler(2, 'Undefined variable $header', '/Users/ashleyjuan/hello/app/Views/table_lab.php', 15)
 2 SYSTEMPATH/View/View.php(213): include('/Users/ashleyjuan/hello/app/Views/table_lab.php')
 3 SYSTEMPATH/View/View.php(216): CodeIgniter\View\View->CodeIgniter\View\{closure}()
 4 SYSTEMPATH/Common.php(1184): CodeIgniter\View\View->render('table_lab', [], true)
 5 APPPATH/Controllers/Home.php(45): view('table_lab', [...])
 6 SYSTEMPATH/CodeIgniter.php(934): App\Controllers\Home->tableLab()
 7 SYSTEMPATH/CodeIgniter.php(499): CodeIgniter\CodeIgniter->runController(Object(App\Controllers\Home))
 8 SYSTEMPATH/CodeIgniter.php(368): CodeIgniter\CodeIgniter->handleRequest(null, Object(Config\Cache), false)
 9 FCPATH/index.php(67): CodeIgniter\CodeIgniter->run()
10 SYSTEMPATH/Commands/Server/rewrite.php(47): require_once('/Users/ashleyjuan/hello/public/index.php')
CRITICAL - 2023-05-30 07:54:11 --> Undefined variable $header
in APPPATH/Views/table_lab.php on line 15.
 1 APPPATH/Views/table_lab.php(15): CodeIgniter\Debug\Exceptions->errorHandler(2, 'Undefined variable $header', '/Users/ashleyjuan/hello/app/Views/table_lab.php', 15)
 2 SYSTEMPATH/View/View.php(213): include('/Users/ashleyjuan/hello/app/Views/table_lab.php')
 3 SYSTEMPATH/View/View.php(216): CodeIgniter\View\View->CodeIgniter\View\{closure}()
 4 SYSTEMPATH/Common.php(1184): CodeIgniter\View\View->render('table_lab', [], true)
 5 APPPATH/Controllers/Home.php(45): view('table_lab', [...])
 6 SYSTEMPATH/CodeIgniter.php(934): App\Controllers\Home->tableLab()
 7 SYSTEMPATH/CodeIgniter.php(499): CodeIgniter\CodeIgniter->runController(Object(App\Controllers\Home))
 8 SYSTEMPATH/CodeIgniter.php(368): CodeIgniter\CodeIgniter->handleRequest(null, Object(Config\Cache), false)
 9 FCPATH/index.php(67): CodeIgniter\CodeIgniter->run()
10 SYSTEMPATH/Commands/Server/rewrite.php(47): require_once('/Users/ashleyjuan/hello/public/index.php')
CRITICAL - 2023-05-30 07:59:49 --> Unclosed '{' on line 31
in APPPATH/Views/table_lab.php on line 67.
 1 SYSTEMPATH/View/View.php(216): CodeIgniter\View\View->CodeIgniter\View\{closure}()
 2 SYSTEMPATH/Common.php(1184): CodeIgniter\View\View->render('table_lab', [], true)
 3 APPPATH/Controllers/Home.php(45): view('table_lab', [...])
 4 SYSTEMPATH/CodeIgniter.php(934): App\Controllers\Home->tableLab()
 5 SYSTEMPATH/CodeIgniter.php(499): CodeIgniter\CodeIgniter->runController(Object(App\Controllers\Home))
 6 SYSTEMPATH/CodeIgniter.php(368): CodeIgniter\CodeIgniter->handleRequest(null, Object(Config\Cache), false)
 7 FCPATH/index.php(67): CodeIgniter\CodeIgniter->run()
 8 SYSTEMPATH/Commands/Server/rewrite.php(47): require_once('/Users/ashleyjuan/hello/public/index.php')
CRITICAL - 2023-05-30 08:13:41 --> syntax error, unexpected end of file
in APPPATH/Views/table_lab.php on line 62.
 1 SYSTEMPATH/View/View.php(216): CodeIgniter\View\View->CodeIgniter\View\{closure}()
 2 SYSTEMPATH/Common.php(1184): CodeIgniter\View\View->render('table_lab', [], true)
 3 APPPATH/Controllers/Home.php(45): view('table_lab', [...])
 4 SYSTEMPATH/CodeIgniter.php(934): App\Controllers\Home->tableLab()
 5 SYSTEMPATH/CodeIgniter.php(499): CodeIgniter\CodeIgniter->runController(Object(App\Controllers\Home))
 6 SYSTEMPATH/CodeIgniter.php(368): CodeIgniter\CodeIgniter->handleRequest(null, Object(Config\Cache), false)
 7 FCPATH/index.php(67): CodeIgniter\CodeIgniter->run()
 8 SYSTEMPATH/Commands/Server/rewrite.php(47): require_once('/Users/ashleyjuan/hello/public/index.php')
